Using pre-set license
Built from '2020.3/staging' branch; Version is '2020.3.11f1 (99c7afb366b3) revision 10078127'; Using compiler version '192528614'; Build Type 'Release'
OS: 'Windows 10 Pro; OS build 15063.674; Version 1703; 64bit' Language: 'es' Physical Memory: 16313 MB
BatchMode: 1, IsHumanControllingUs: 0, StartBugReporterOnCrash: 0, Is64bit: 1, IsPro: 0

 COMMAND LINE ARGUMENTS:
E:\UnityEditor\2020.3.11f1\Editor\Unity.exe
-adb2
-batchMode
-noUpm
-name
AssetImportWorker0
-projectPath
D:/Users/Mati/Documents/GitUnity/IAP-2021-Patrones
-logFile
Logs/AssetImportWorker0.log
-srvPort
60927
Successfully changed project path to: D:/Users/Mati/Documents/GitUnity/IAP-2021-Patrones
D:/Users/Mati/Documents/GitUnity/IAP-2021-Patrones
Using Asset Import Pipeline V2.
Refreshing native plugins compatible for Editor in 29.61 ms, found 2 plugins.
Preloading 0 native plugins for Editor in 0.00 ms.
Initialize engine version: 2020.3.11f1 (99c7afb366b3)
[Subsystems] Discovering subsystems at path E:/UnityEditor/2020.3.11f1/Editor/Data/Resources/UnitySubsystems
[Subsystems] Discovering subsystems at path D:/Users/Mati/Documents/GitUnity/IAP-2021-Patrones/Assets
GfxDevice: creating device client; threaded=0
Direct3D:
    Version:  Direct3D 11.0 [level 11.1]
    Renderer: NVIDIA GeForce GTX 1060 6GB (ID=0x1c03)
    Vendor:   
    VRAM:     6052 MB
    Driver:   27.21.14.5167
Initialize mono
Mono path[0] = 'E:/UnityEditor/2020.3.11f1/Editor/Data/Managed'
Mono path[1] = 'E:/UnityEditor/2020.3.11f1/Editor/Data/MonoBleedingEdge/lib/mono/unityjit'
Mono config path = 'E:/UnityEditor/2020.3.11f1/Editor/Data/MonoBleedingEdge/etc'
Using monoOptions --debugger-agent=transport=dt_socket,embedding=1,server=y,suspend=n,address=127.0.0.1:56192
Begin MonoManager ReloadAssembly
Registering precompiled unity dll's ...
Register platform support module: E:/UnityEditor/2020.3.11f1/Editor/Data/PlaybackEngines/WebGLSupport/UnityEditor.WebGL.Extensions.dll
Register platform support module: E:/UnityEditor/2020.3.11f1/Editor/Data/PlaybackEngines/WindowsStandaloneSupport/UnityEditor.WindowsStandalone.Extensions.dll
Registered in 0.000802 seconds.
Native extension for WindowsStandalone target not found
Native extension for WebGL target not found
Refreshing native plugins compatible for Editor in 27.86 ms, found 2 plugins.
Preloading 0 native plugins for Editor in 0.00 ms.
Mono: successfully reloaded assembly
- Completed reload, in  1.323 seconds
Platform modules already initialized, skipping
Registering precompiled user dll's ...
Registered in 0.002648 seconds.
Begin MonoManager ReloadAssembly
Native extension for WindowsStandalone target not found
Native extension for WebGL target not found
Refreshing native plugins compatible for Editor in 0.30 ms, found 2 plugins.
Preloading 0 native plugins for Editor in 0.00 ms.
Mono: successfully reloaded assembly
- Completed reload, in  0.983 seconds
Platform modules already initialized, skipping
========================================================================
Worker process is ready to serve import requests
Launched and connected shader compiler UnityShaderCompiler.exe after 0.02 seconds
Refreshing native plugins compatible for Editor in 0.31 ms, found 2 plugins.
Preloading 0 native plugins for Editor in 0.00 ms.
Unloading 1450 Unused Serialized files (Serialized files now loaded: 0)
System memory in use before: 66.4 MB.
System memory in use after: 66.5 MB.

Unloading 19 unused Assets to reduce memory usage. Loaded Objects now: 1884.
Total: 2.035079 ms (FindLiveObjects: 0.119887 ms CreateObjectMapping: 0.038761 ms MarkObjects: 1.771867 ms  DeleteObjects: 0.103061 ms)

========================================================================
Received Import Request.
  path: Assets
  artifactKey: Guid(00000000000000001000000000000000) Importer(815301076,1909f56bfc062723c751e8b465ee728b)
Start importing Assets using Guid(00000000000000001000000000000000) Importer(815301076,1909f56bfc062723c751e8b465ee728b)  -> (artifact id: '42d402b061de3733987d63b9cc3b64de') in 0.017467 seconds
  Import took 0.019643 seconds .

========================================================================
Received Import Request.
  Time since last request: 3.142888 seconds.
  path: Assets/MVP
  artifactKey: Guid(167753f8c4b88534cb3bcbd7b65b4795) Importer(815301076,1909f56bfc062723c751e8b465ee728b)
Start importing Assets/MVP using Guid(167753f8c4b88534cb3bcbd7b65b4795) Importer(815301076,1909f56bfc062723c751e8b465ee728b)  -> (artifact id: '4fa5859fd4512be1f467a340f64e2034') in 0.017786 seconds
  Import took 0.019870 seconds .

========================================================================
Received Import Request.
  Time since last request: 73.072291 seconds.
  path: Assets/MVP/SinMVP
  artifactKey: Guid(c4ea527451003f5439cbfd33ebe45053) Importer(815301076,1909f56bfc062723c751e8b465ee728b)
Start importing Assets/MVP/SinMVP using Guid(c4ea527451003f5439cbfd33ebe45053) Importer(815301076,1909f56bfc062723c751e8b465ee728b)  -> (artifact id: '74a5c96482b3317a40cfa5268674612a') in 0.023981 seconds
  Import took 0.026181 seconds .

========================================================================
Received Import Request.
  Time since last request: 2510.966231 seconds.
  path: Assets/MVP/SinMVP/Manager.cs
  artifactKey: Guid(a3180287ea82fdb4787b81762c0ce8cd) Importer(815301076,1909f56bfc062723c751e8b465ee728b)
Start importing Assets/MVP/SinMVP/Manager.cs using Guid(a3180287ea82fdb4787b81762c0ce8cd) Importer(815301076,1909f56bfc062723c751e8b465ee728b)  -> (artifact id: '14986952cdbc411f730a2ec3d438672e') in 0.159243 seconds
  Import took 0.162261 seconds .

========================================================================
Received Prepare
Registering precompiled user dll's ...
Registered in 0.002581 seconds.
Begin MonoManager ReloadAssembly
Native extension for WindowsStandalone target not found
Native extension for WebGL target not found
Refreshing native plugins compatible for Editor in 0.30 ms, found 2 plugins.
Preloading 0 native plugins for Editor in 0.00 ms.
Mono: successfully reloaded assembly
- Completed reload, in  0.878 seconds
Platform modules already initialized, skipping
Refreshing native plugins compatible for Editor in 0.31 ms, found 2 plugins.
Preloading 0 native plugins for Editor in 0.00 ms.
Unloading 1446 Unused Serialized files (Serialized files now loaded: 0)
System memory in use before: 66.4 MB.
System memory in use after: 66.5 MB.

Unloading 14 unused Assets to reduce memory usage. Loaded Objects now: 1888.
Total: 1.624337 ms (FindLiveObjects: 0.130103 ms CreateObjectMapping: 0.044169 ms MarkObjects: 1.367436 ms  DeleteObjects: 0.081728 ms)

========================================================================
Received Import Request.
  Time since last request: 6.888609 seconds.
  path: Assets/MVP/SinMVP/Scenes
  artifactKey: Guid(bc6e8da0bd38450459c2f42a3fc4eb27) Importer(815301076,1909f56bfc062723c751e8b465ee728b)
Start importing Assets/MVP/SinMVP/Scenes using Guid(bc6e8da0bd38450459c2f42a3fc4eb27) Importer(815301076,1909f56bfc062723c751e8b465ee728b)  -> (artifact id: '7851d8a27339df7c196151c80d6ae274') in 0.010101 seconds
  Import took 0.012583 seconds .

========================================================================
Received Import Request.
  Time since last request: 8.070752 seconds.
  path: Assets/MVP/SinMVP/Scripts
  artifactKey: Guid(a16d4d6453e6dca4b9bc414b3211b797) Importer(815301076,1909f56bfc062723c751e8b465ee728b)
Start importing Assets/MVP/SinMVP/Scripts using Guid(a16d4d6453e6dca4b9bc414b3211b797) Importer(815301076,1909f56bfc062723c751e8b465ee728b)  -> (artifact id: 'ecb74fe0123f5edcc63c8f1d17f9d5df') in 0.006938 seconds
  Import took 0.009218 seconds .

========================================================================
Received Prepare
Registering precompiled user dll's ...
Registered in 0.002587 seconds.
Begin MonoManager ReloadAssembly
Native extension for WindowsStandalone target not found
Native extension for WebGL target not found
Refreshing native plugins compatible for Editor in 0.30 ms, found 2 plugins.
Preloading 0 native plugins for Editor in 0.00 ms.
Mono: successfully reloaded assembly
- Completed reload, in  0.835 seconds
Platform modules already initialized, skipping
Refreshing native plugins compatible for Editor in 0.30 ms, found 2 plugins.
Preloading 0 native plugins for Editor in 0.00 ms.
Unloading 1446 Unused Serialized files (Serialized files now loaded: 0)
System memory in use before: 66.4 MB.
System memory in use after: 66.5 MB.

Unloading 14 unused Assets to reduce memory usage. Loaded Objects now: 1891.
Total: 1.859304 ms (FindLiveObjects: 0.122892 ms CreateObjectMapping: 0.041765 ms MarkObjects: 1.567849 ms  DeleteObjects: 0.126197 ms)

========================================================================
Received Prepare
Registering precompiled user dll's ...
Registered in 0.002613 seconds.
Begin MonoManager ReloadAssembly
Native extension for WindowsStandalone target not found
Native extension for WebGL target not found
Refreshing native plugins compatible for Editor in 0.32 ms, found 2 plugins.
Preloading 0 native plugins for Editor in 0.00 ms.
Mono: successfully reloaded assembly
- Completed reload, in  1.098 seconds
Platform modules already initialized, skipping
Refreshing native plugins compatible for Editor in 0.41 ms, found 2 plugins.
Preloading 0 native plugins for Editor in 0.00 ms.
Unloading 1446 Unused Serialized files (Serialized files now loaded: 0)
System memory in use before: 66.4 MB.
System memory in use after: 66.5 MB.

Unloading 14 unused Assets to reduce memory usage. Loaded Objects now: 1894.
Total: 1.763755 ms (FindLiveObjects: 0.155343 ms CreateObjectMapping: 0.043869 ms MarkObjects: 1.506854 ms  DeleteObjects: 0.056789 ms)

========================================================================
Received Import Request.
  Time since last request: 87.485925 seconds.
  path: Assets/MVP/SinMVP/Scripts/Manager.cs
  artifactKey: Guid(a3180287ea82fdb4787b81762c0ce8cd) Importer(815301076,1909f56bfc062723c751e8b465ee728b)
Start importing Assets/MVP/SinMVP/Scripts/Manager.cs using Guid(a3180287ea82fdb4787b81762c0ce8cd) Importer(815301076,1909f56bfc062723c751e8b465ee728b)  -> (artifact id: 'b47ce8ba0adefd7e8451bb6eb30b10b1') in 0.004784 seconds
  Import took 0.006837 seconds .

========================================================================
Received Import Request.
  Time since last request: 79.369590 seconds.
  path: Assets/MVP/SinMVP/Scripts/Manager.cs
  artifactKey: Guid(a3180287ea82fdb4787b81762c0ce8cd) Importer(815301076,1909f56bfc062723c751e8b465ee728b)
Start importing Assets/MVP/SinMVP/Scripts/Manager.cs using Guid(a3180287ea82fdb4787b81762c0ce8cd) Importer(815301076,1909f56bfc062723c751e8b465ee728b)  -> (artifact id: '47fbb5d73dc682c250ab0d02be9dca88') in 0.004057 seconds
  Import took 0.006462 seconds .

========================================================================
Received Import Request.
  Time since last request: 0.000343 seconds.
  path: Assets/MVP/SinMVP/Scripts/Manager.cs
  artifactKey: Guid(a3180287ea82fdb4787b81762c0ce8cd) Importer(815301076,1909f56bfc062723c751e8b465ee728b)
Start importing Assets/MVP/SinMVP/Scripts/Manager.cs using Guid(a3180287ea82fdb4787b81762c0ce8cd) Importer(815301076,1909f56bfc062723c751e8b465ee728b)  -> (artifact id: '47fbb5d73dc682c250ab0d02be9dca88') in 0.015343 seconds
  Import took 0.021483 seconds .

========================================================================
Received Prepare
Registering precompiled user dll's ...
Registered in 0.002632 seconds.
Begin MonoManager ReloadAssembly
Native extension for WindowsStandalone target not found
Native extension for WebGL target not found
Refreshing native plugins compatible for Editor in 0.30 ms, found 2 plugins.
Preloading 0 native plugins for Editor in 0.00 ms.
Mono: successfully reloaded assembly
- Completed reload, in  0.854 seconds
Platform modules already initialized, skipping
Refreshing native plugins compatible for Editor in 0.29 ms, found 2 plugins.
Preloading 0 native plugins for Editor in 0.00 ms.
Unloading 1446 Unused Serialized files (Serialized files now loaded: 0)
System memory in use before: 66.5 MB.
System memory in use after: 66.6 MB.

Unloading 14 unused Assets to reduce memory usage. Loaded Objects now: 1897.
Total: 3.016411 ms (FindLiveObjects: 0.197108 ms CreateObjectMapping: 0.096451 ms MarkObjects: 2.657951 ms  DeleteObjects: 0.063399 ms)

========================================================================
Received Prepare
Registering precompiled user dll's ...
Registered in 0.002702 seconds.
Begin MonoManager ReloadAssembly
Native extension for WindowsStandalone target not found
Native extension for WebGL target not found
Refreshing native plugins compatible for Editor in 0.30 ms, found 2 plugins.
Preloading 0 native plugins for Editor in 0.00 ms.
Mono: successfully reloaded assembly
- Completed reload, in  0.870 seconds
Platform modules already initialized, skipping
Refreshing native plugins compatible for Editor in 0.54 ms, found 2 plugins.
Preloading 0 native plugins for Editor in 0.00 ms.
Unloading 1446 Unused Serialized files (Serialized files now loaded: 0)
System memory in use before: 66.5 MB.
System memory in use after: 66.6 MB.

Unloading 14 unused Assets to reduce memory usage. Loaded Objects now: 1900.
Total: 1.752337 ms (FindLiveObjects: 0.127099 ms CreateObjectMapping: 0.042967 ms MarkObjects: 1.503248 ms  DeleteObjects: 0.077822 ms)

========================================================================
Received Prepare
Registering precompiled user dll's ...
Registered in 0.004215 seconds.
Begin MonoManager ReloadAssembly
Native extension for WindowsStandalone target not found
Native extension for WebGL target not found
Refreshing native plugins compatible for Editor in 0.30 ms, found 2 plugins.
Preloading 0 native plugins for Editor in 0.00 ms.
Mono: successfully reloaded assembly
- Completed reload, in  0.872 seconds
Platform modules already initialized, skipping
Refreshing native plugins compatible for Editor in 0.30 ms, found 2 plugins.
Preloading 0 native plugins for Editor in 0.00 ms.
Unloading 1446 Unused Serialized files (Serialized files now loaded: 0)
System memory in use before: 66.5 MB.
System memory in use after: 66.5 MB.

Unloading 14 unused Assets to reduce memory usage. Loaded Objects now: 1903.
Total: 1.734309 ms (FindLiveObjects: 0.121991 ms CreateObjectMapping: 0.041164 ms MarkObjects: 1.498140 ms  DeleteObjects: 0.071812 ms)

========================================================================
Received Prepare
Registering precompiled user dll's ...
Registered in 0.002737 seconds.
Begin MonoManager ReloadAssembly
Native extension for WindowsStandalone target not found
Native extension for WebGL target not found
Refreshing native plugins compatible for Editor in 0.30 ms, found 2 plugins.
Preloading 0 native plugins for Editor in 0.00 ms.
Mono: successfully reloaded assembly
- Completed reload, in  0.893 seconds
Platform modules already initialized, skipping
Refreshing native plugins compatible for Editor in 0.30 ms, found 2 plugins.
Preloading 0 native plugins for Editor in 0.00 ms.
Unloading 1446 Unused Serialized files (Serialized files now loaded: 0)
System memory in use before: 66.5 MB.
System memory in use after: 66.5 MB.

Unloading 14 unused Assets to reduce memory usage. Loaded Objects now: 1906.
Total: 1.891154 ms (FindLiveObjects: 0.129803 ms CreateObjectMapping: 0.042967 ms MarkObjects: 1.639661 ms  DeleteObjects: 0.077822 ms)

========================================================================
Received Prepare
Registering precompiled user dll's ...
Registered in 0.002667 seconds.
Begin MonoManager ReloadAssembly
Native extension for WindowsStandalone target not found
Native extension for WebGL target not found
Refreshing native plugins compatible for Editor in 0.31 ms, found 2 plugins.
Preloading 0 native plugins for Editor in 0.00 ms.
Mono: successfully reloaded assembly
- Completed reload, in  0.827 seconds
Platform modules already initialized, skipping
Refreshing native plugins compatible for Editor in 0.30 ms, found 2 plugins.
Preloading 0 native plugins for Editor in 0.00 ms.
Unloading 1446 Unused Serialized files (Serialized files now loaded: 0)
System memory in use before: 66.5 MB.
System memory in use after: 66.5 MB.

Unloading 14 unused Assets to reduce memory usage. Loaded Objects now: 1909.
Total: 1.791098 ms (FindLiveObjects: 0.121991 ms CreateObjectMapping: 0.041765 ms MarkObjects: 1.549220 ms  DeleteObjects: 0.076319 ms)

